<?xml version="1.0" encoding="UTF-8"?>
<!-- Generated by org.testng.reporters.JUnitReportReporter -->
<testsuite name="runner.TestRunner" tests="10" time="11.493" ignored="0" failures="0" timestamp="17 Feb 2021 02:57:52 GMT" skipped="0" hostname="Cajetans-MacBook-Pro.local" errors="0">
  <testcase name="runScenario" time="0.484" classname="runner.TestRunner"/>
  <testcase name="runScenario" time="1.558" classname="runner.TestRunner"/>
  <testcase name="runScenario" time="0.500" classname="runner.TestRunner"/>
  <testcase name="runScenario" time="1.139" classname="runner.TestRunner"/>
  <testcase name="runScenario" time="0.769" classname="runner.TestRunner"/>
  <testcase name="runScenario" time="0.518" classname="runner.TestRunner"/>
  <testcase name="runScenario" time="0.816" classname="runner.TestRunner"/>
  <testcase name="runScenario" time="0.507" classname="runner.TestRunner"/>
  <testcase name="runScenario" time="4.191" classname="runner.TestRunner"/>
  <testcase name="runScenario" time="1.011" classname="runner.TestRunner"/>
</testsuite> <!-- runner.TestRunner -->
