<?xml version="1.0" encoding="UTF-8"?>
<!-- Generated by org.testng.reporters.JUnitReportReporter -->
<testsuite name="runner.TestRunner" tests="10" time="11.984" ignored="0" failures="0" timestamp="17 Feb 2021 02:50:56 GMT" skipped="0" hostname="Cajetans-MacBook-Pro.local" errors="0">
  <testcase name="runScenario" time="0.478" classname="runner.TestRunner"/>
  <testcase name="runScenario" time="5.055" classname="runner.TestRunner"/>
  <testcase name="runScenario" time="0.560" classname="runner.TestRunner"/>
  <testcase name="runScenario" time="0.604" classname="runner.TestRunner"/>
  <testcase name="runScenario" time="0.466" classname="runner.TestRunner"/>
  <testcase name="runScenario" time="0.499" classname="runner.TestRunner"/>
  <testcase name="runScenario" time="2.787" classname="runner.TestRunner"/>
  <testcase name="runScenario" time="0.489" classname="runner.TestRunner"/>
  <testcase name="runScenario" time="0.482" classname="runner.TestRunner"/>
  <testcase name="runScenario" time="0.564" classname="runner.TestRunner"/>
</testsuite> <!-- runner.TestRunner -->
